JvmtiExport can_access_local_variables 0
JvmtiExport can_hotswap_or_post_breakpoint 0
JvmtiExport can_post_on_exceptions 0
# 555 ciObject found
ciMethod java/lang/Object <init> ()V 4097 1 1059119 0 0
ciMethod java/lang/Object hashCode ()I 2049 1 256 0 -1
ciMethod java/lang/Object equals (Ljava/lang/Object;)Z 2049 1 17413 0 -1
ciMethod java/lang/Object clone ()Ljava/lang/Object; 3073 1 384 0 -1
ciMethod java/lang/String <init> ([C)V 593 1 9784 0 -1
ciMethod java/lang/String <init> ([CII)V 2273 1 5484 0 736
ciMethod java/lang/String <init> ([BIILjava/lang/String;)V 2049 1 3180 0 -1
ciMethod java/lang/String <init> ([CZ)V 1777 1 14214 0 64
ciMethod java/lang/String length ()I 4097 1 408887 0 64
ciMethod java/lang/String charAt (I)C 4097 1 1276658 0 128
ciMethod java/lang/String codePointAt (I)I 105 1 5217 0 -1
ciMethod java/lang/String getChars ([CI)V 2065 1 5396 0 0
ciMethod java/lang/String getChars (II[CI)V 3073 1 5520 0 -1
ciMethod java/lang/String equals (Ljava/lang/Object;)Z 2137 8337 4220 0 -1
ciMethod java/lang/String equalsIgnoreCase (Ljava/lang/String;)Z 2473 1 5586 0 1760
ciMethod java/lang/String regionMatches (ZILjava/lang/String;II)Z 2481 8529 6454 0 2112
ciMethod java/lang/String startsWith (Ljava/lang/String;I)Z 2073 705 8555 0 416
ciMethod java/lang/String startsWith (Ljava/lang/String;)Z 2385 1 112877 0 224
ciMethod java/lang/String hashCode ()I 3073 32249 1422 0 288
ciMethod java/lang/String indexOf (I)I 2097 1 75042 0 288
ciMethod java/lang/String indexOf (II)I 1305 32873 5462 0 384
ciMethod java/lang/String indexOfSupplementary (II)I 0 0 1 0 -1
ciMethod java/lang/String lastIndexOf (I)I 2049 1 43487 0 288
ciMethod java/lang/String lastIndexOf (II)I 1033 34145 828 0 288
ciMethod java/lang/String lastIndexOfSupplementary (II)I 0 0 1 0 -1
ciMethod java/lang/String indexOf (Ljava/lang/String;)I 2089 1 42917 0 -1
ciMethod java/lang/String substring (II)Ljava/lang/String; 2609 1 5495 0 992
ciMethod java/lang/String concat (Ljava/lang/String;)Ljava/lang/String; 2057 1 5380 0 896
ciMethod java/lang/String replace (CC)Ljava/lang/String; 873 41705 1540 0 1120
ciMethod java/lang/String toLowerCase ()Ljava/lang/String; 2529 1 3696 0 -1
ciMethod java/lang/String toUpperCase (Ljava/util/Locale;)Ljava/lang/String; 13313 455521 3626 0 2176
ciMethod java/lang/String toCharArray ()[C 3081 1 24079 0 -1
ciMethod java/lang/ClassLoader defineClass (Ljava/lang/String;[BIILjava/security/ProtectionDomain;)Ljava/lang/Class; 16417 1 4810 0 -1
ciMethod java/lang/ClassLoader definePackage (Ljava/lang/String;Ljava/lang/String;Ljava/lang/String;Ljava/lang/String;Ljava/lang/String;Ljava/lang/String;Ljava/lang/String;Ljava/net/URL;)Ljava/lang/Package; 449 1 592 0 0
ciMethod java/lang/ClassLoader getPackage (Ljava/lang/String;)Ljava/lang/Package; 2049 1 5421 0 8704
ciMethod java/lang/System getSecurityManager ()Ljava/lang/SecurityManager; 2049 1 69187 0 0
ciMethod java/lang/System nanoTime ()J 3073 1 384 0 -1
ciMethod java/lang/System arraycopy (Ljava/lang/Object;ILjava/lang/Object;II)V 7169 1 896 0 -1
ciMethod java/lang/Throwable addSuppressed (Ljava/lang/Throwable;)V 0 0 1 0 0
ciMethod java/lang/SecurityManager checkRead (Ljava/lang/String;)V 0 0 1 0 -1
ciMethod java/security/SecureClassLoader defineClass (Ljava/lang/String;[BIILjava/security/CodeSource;)Ljava/lang/Class; 2113 1 4740 0 0
ciMethod java/security/SecureClassLoader defineClass (Ljava/lang/String;Ljava/nio/ByteBuffer;Ljava/security/CodeSource;)Ljava/lang/Class; 0 0 1 0 -1
ciMethod java/security/SecureClassLoader getProtectionDomain (Ljava/security/CodeSource;)Ljava/security/ProtectionDomain; 2113 1 4747 0 -1
ciMethod java/lang/ref/Reference get ()Ljava/lang/Object; 2057 1 257 0 -1
ciMethod java/lang/ref/Reference <init> (Ljava/lang/Object;)V 1497 1 10256 0 0
ciMethod java/lang/ref/Reference <init> (Ljava/lang/Object;Ljava/lang/ref/ReferenceQueue;)V 2057 1 24279 0 96
ciMethod java/lang/ref/SoftReference <init> (Ljava/lang/Object;)V 1425 1 2624 0 0
ciMethod java/lang/ref/SoftReference get ()Ljava/lang/Object; 2097 1 24550 0 96
ciMethod java/lang/Thread currentThread ()Ljava/lang/Thread; 2049 1 256 0 -1
ciMethod java/lang/Thread interrupt ()V 0 0 1 0 -1
ciMethod java/lang/Thread interrupted ()Z 3113 1 5844 0 -1
ciMethod java/util/Map get (Ljava/lang/Object;)Ljava/lang/Object; 0 0 1 0 -1
ciMethod java/util/Map put (Ljava/lang/Object;Ljava/lang/Object;)Ljava/lang/Object; 0 0 1 0 -1
ciMethod java/util/Hashtable <init> (IF)V 2049 1 2823 0 0
ciMethod java/util/Hashtable <init> (I)V 1641 1 200 0 0
ciMethod java/util/Hashtable <init> ()V 1873 1 2623 0 0
ciMethod java/util/Dictionary <init> ()V 2049 1 2823 0 0
ciMethod java/lang/StringBuffer <init> (I)V 2057 1 7425 0 -1
ciMethod java/lang/StringBuffer length ()I 1025 1 128 0 -1
ciMethod java/lang/StringBuffer charAt (I)C 0 0 1 0 -1
ciMethod java/lang/StringBuffer append (Ljava/lang/String;)Ljava/lang/StringBuffer; 3089 1 27147 0 -1
ciMethod java/lang/StringBuffer append (C)Ljava/lang/StringBuffer; 4097 1 52024 0 -1
ciMethod java/lang/StringBuffer toString ()Ljava/lang/String; 2289 1 6484 0 -1
ciMethod java/lang/StringBuilder <init> ()V 825 1 70056 0 -1
ciMethod java/lang/StringBuilder append (Ljava/lang/String;)Ljava/lang/StringBuilder; 1633 1 195777 0 -1
ciMethod java/lang/StringBuilder toString ()Ljava/lang/String; 833 1 91436 0 -1
ciMethod java/io/ByteArrayInputStream <init> ([B)V 129 1 169 0 0
ciMethod java/io/InputStream <init> ()V 3081 1 25921 0 0
ciMethod java/io/InputStream read ([BII)I 0 0 1 0 -1
ciMethod java/io/InputStream close ()V 0 0 1 0 -1
ciMethod java/io/File isInvalid ()Z 2193 1 5395 0 352
ciMethod java/io/File <init> (Ljava/io/File;Ljava/lang/String;)V 2089 1 5390 0 1952
ciMethod java/io/File getPath ()Ljava/lang/String; 1217 1 152 0 -1
ciMethod java/io/File getCanonicalFile ()Ljava/io/File; 249 1 31 0 -1
ciMethod java/io/File exists ()Z 2049 1 5380 0 448
ciMethod java/net/URLClassLoader getAndVerifyPackage (Ljava/lang/String;Ljava/util/jar/Manifest;Ljava/net/URL;)Ljava/lang/Package; 3097 1 3674 0 0
ciMethod java/net/URLClassLoader definePackageInternal (Ljava/lang/String;Ljava/util/jar/Manifest;Ljava/net/URL;)V 2105 1 3674 0 0
ciMethod java/net/URLClassLoader defineClass (Ljava/lang/String;Lsun/misc/Resource;)Ljava/lang/Class; 1081 1 3674 0 0
ciMethod java/net/URLClassLoader definePackage (Ljava/lang/String;Ljava/util/jar/Manifest;Ljava/net/URL;)Ljava/lang/Package; 441 1 466 0 0
ciMethod java/net/URLClassLoader isSealed (Ljava/lang/String;Ljava/util/jar/Manifest;)Z 2049 1 3195 0 0
ciMethod java/net/URLClassLoader access$000 (Ljava/net/URLClassLoader;)Lsun/misc/URLClassPath; 1073 1 134 0 0
ciMethod java/net/URLClassLoader access$100 (Ljava/net/URLClassLoader;Ljava/lang/String;Lsun/misc/Resource;)Ljava/lang/Class; 1081 1 3667 0 0
ciMethod java/net/URL <init> (Ljava/net/URL;Ljava/lang/String;)V 2081 1 16821 0 0
ciMethod java/net/URL <init> (Ljava/net/URL;Ljava/lang/String;Ljava/net/URLStreamHandler;)V 2049 7137 5684 0 -1
ciMethod java/net/URL isValidProtocol (Ljava/lang/String;)Z 497 1489 1580 0 -1
ciMethod java/net/URL checkSpecifyHandler (Ljava/lang/SecurityManager;)V 0 0 1 0 -1
ciMethod java/net/URL getFile ()Ljava/lang/String; 1497 1 187 0 0
ciMethod java/net/URL getURLStreamHandler (Ljava/lang/String;)Ljava/net/URLStreamHandler; 6769 17 1749 0 -1
ciMethod java/util/jar/Manifest <init> (Ljava/io/InputStream;)V 121 1 151 0 0
ciMethod java/util/jar/Manifest getMainAttributes ()Ljava/util/jar/Attributes; 1025 1 128 0 0
ciMethod java/util/jar/Manifest getEntries ()Ljava/util/Map; 1025 1 128 0 0
ciMethod java/util/jar/Manifest getAttributes (Ljava/lang/String;)Ljava/util/jar/Attributes; 2473 1 4075 0 0
ciMethod java/util/jar/Manifest read (Ljava/io/InputStream;)V 121 1 181 0 -1
ciMethod java/util/jar/Manifest parseName ([BI)Ljava/lang/String; 2049 1 399 0 -1
ciMethod java/security/CodeSource <init> (Ljava/net/URL;[Ljava/security/CodeSigner;)V 2113 1 4740 0 0
ciMethod java/lang/Character charCount (I)I 209 1 14974 0 -1
ciMethod java/lang/Character toChars (I[CI)I 0 0 1 0 -1
ciMethod java/lang/Character toChars (I)[C 0 0 1 0 -1
ciMethod java/lang/Character toLowerCase (C)C 3025 1 25770 0 -1
ciMethod java/lang/Character toUpperCase (C)C 849 1 18697 0 -1
ciMethod java/lang/Character toUpperCaseEx (I)I 2657 1 71094 0 -1
ciMethod java/lang/Character toUpperCaseCharArray (I)[C 0 0 1 0 -1
ciMethod java/lang/Float isNaN (F)Z 2057 1 9014 0 0
ciMethod java/lang/Float floatToRawIntBits (F)I 25 1 3 0 -1
ciMethod java/lang/NullPointerException <init> (Ljava/lang/String;)V 0 0 1 0 -1
ciMethod java/util/Comparator compare (Ljava/lang/Object;Ljava/lang/Object;)I 0 0 1 0 -1
ciMethod java/util/List add (Ljava/lang/Object;)Z 0 0 1 0 -1
ciMethod java/util/AbstractList <init> ()V 2441 1 101244 0 32
ciMethod java/util/AbstractCollection <init> ()V 729 1 146593 0 0
ciMethod java/util/Stack pop ()Ljava/lang/Object; 297 1 4806 0 -1
ciMethod java/util/Stack empty ()Z 441 1 423 0 -1
ciMethod java/util/ArrayList <init> (I)V 2049 1 5376 0 -1
ciMethod java/util/ArrayList <init> ()V 2041 1 76961 0 64
ciMethod java/util/ArrayList size ()I 1097 1 137 0 -1
ciMethod java/util/ArrayList get (I)Ljava/lang/Object; 2137 1 26728 0 -1
ciMethod java/util/ArrayList add (Ljava/lang/Object;)Z 1241 1 34854 0 -1
ciMethod java/util/AbstractMap <init> ()V 785 1 52607 0 0
ciMethod java/util/HashMap hash (Ljava/lang/Object;)I 2049 1 108873 0 160
ciMethod java/util/HashMap tableSizeFor (I)I 1897 1 5429 0 128
ciMethod java/util/HashMap <init> (IF)V 609 1 5205 0 352
ciMethod java/util/HashMap <init> (I)V 513 1 17708 0 0
ciMethod java/util/HashMap <init> ()V 241 1 44823 0 32
ciMethod java/util/HashMap get (Ljava/lang/Object;)Ljava/lang/Object; 3081 1 32731 0 640
ciMethod java/util/HashMap getNode (ILjava/lang/Object;)Ljava/util/HashMap$Node; 2337 25 17962 0 480
ciMethod java/util/HashMap containsKey (Ljava/lang/Object;)Z 329 1 6876 0 -1
ciMethod java/util/HashMap put (Ljava/lang/Object;Ljava/lang/Object;)Ljava/lang/Object; 1353 1 21687 0 -1
ciMethod java/lang/Math max (II)I 3281 1 26212 0 -1
ciMethod java/lang/Math min (II)I 3569 1 123913 0 -1
ciMethod java/lang/Math min (FF)F 2081 1 3194 0 0
ciMethod java/util/Arrays copyOf ([BI)[B 2153 1 18140 0 -1
ciMethod java/util/Arrays copyOf ([CI)[C 1001 1 25883 0 480
ciMethod java/util/Arrays copyOfRange ([CII)[C 2369 1 5434 0 512
ciMethod sun/misc/ASCIICaseInsensitiveComparator compare (Ljava/lang/String;Ljava/lang/String;)I 4097 6513 12941 0 -1
ciMethod sun/misc/ASCIICaseInsensitiveComparator lowerCaseHashCode (Ljava/lang/String;)I 1081 17257 1195 0 640
ciMethod sun/misc/ASCIICaseInsensitiveComparator isUpper (I)Z 4097 1 44158 0 -1
ciMethod sun/misc/ASCIICaseInsensitiveComparator toLower (I)I 4097 1 44184 0 64
ciMethod sun/misc/ASCIICaseInsensitiveComparator compare (Ljava/lang/Object;Ljava/lang/Object;)I 4097 1 12941 0 928
ciMethodData java/lang/String charAt (I)C 2 1276658 orig 264 152 130 235 115 0 0 0 0 104 61 81 20 0 0 0 0 120 1 0 0 32 0 0 0 0 0 0 0 0 0 0 0 0 0 0 0 0 0 0 0 0 0 0 0 0 0 0 0 0 0 0 0 0 0 0 0 0 0 0 0 0 0 0 0 0 0 0 0 0 0 0 0 0 0 0 0 0 0 0 0 77 68 79 32 101 120 116 114 97 32 100 97 116 97 32 108 111 99 107 0 0 0 0 0 0 0 0 0 0 0 0 0 0 0 0 0 0 0 0 0 0 0 0 0 0 0 0 0 0 0 0 0 0 0 0 0 0 0 0 0 0 0 0 0 0 0 0 0 0 0 0 0 0 0 0 0 0 0 0 0 0 0 0 0 0 0 0 0 0 0 0 0 0 0 0 0 0 0 0 0 0 0 0 0 25 0 0 0 0 0 0 0 0 0 0 0 0 0 0 0 1 0 0 0 0 0 0 0 0 0 0 0 0 0 0 0 0 2 0 0 145 199 155 0 1 0 0 0 0 0 0 0 0 0 0 0 2 0 0 0 0 0 0 0 0 0 0 0 80 0 0 0 255 255 255 255 7 0 1 0 0 0 0 0 data 10 0x10007 0x0 0x40 0x1378f1 0xa0007 0x1378f1 0x30 0x0 0x120002 0x0 oops 0
ciMethodData java/lang/String length ()I 2 408887 orig 264 152 130 235 115 0 0 0 0 24 60 81 20 0 0 0 0 32 1 0 0 0 0 0 0 0 0 0 0 0 0 0 0 0 0 0 0 0 0 0 0 0 0 0 0 0 0 0 0 0 0 0 0 0 0 0 0 0 0 0 0 0 0 0 0 0 0 0 0 0 0 0 0 0 0 0 0 0 0 0 0 77 68 79 32 101 120 116 114 97 32 100 97 116 97 32 108 111 99 107 0 0 0 0 0 0 0 0 0 0 0 0 0 0 0 0 0 0 0 0 0 0 0 0 0 0 0 0 0 0 0 0 0 0 0 0 0 0 0 0 0 0 0 0 0 0 0 0 0 0 0 0 0 0 0 0 0 0 0 0 0 0 0 0 0 0 0 0 0 0 0 0 0 0 0 0 0 0 0 0 0 0 0 0 0 1 0 0 0 0 0 0 0 0 0 0 0 0 0 0 0 1 0 0 0 0 0 0 0 0 0 0 0 0 0 0 0 0 2 0 0 185 217 49 0 1 0 0 0 0 0 0 0 0 0 0 0 2 0 0 0 0 0 0 0 0 0 0 0 0 0 0 0 255 255 255 255 0 0 0 0 0 0 0 0 data 0 oops 0
ciMethodData sun/misc/ASCIICaseInsensitiveComparator toLower (I)I 2 44184 orig 264 152 130 235 115 0 0 0 0 128 32 100 20 0 0 0 0 144 1 0 0 0 0 0 0 0 0 0 0 0 0 0 0 0 0 0 0 0 0 0 0 0 0 0 0 0 0 0 0 0 0 0 0 0 0 0 0 0 0 0 0 0 0 0 0 0 0 0 0 0 0 0 0 0 0 0 0 0 0 0 0 77 68 79 32 101 120 116 114 97 32 100 97 116 97 32 108 111 99 107 0 0 0 0 0 0 0 0 0 0 0 0 0 0 0 0 0 0 0 0 0 0 0 0 0 0 0 0 0 0 0 0 0 0 0 0 0 0 0 0 0 0 0 0 0 0 0 0 0 0 0 0 0 0 0 0 0 0 0 0 0 0 0 0 0 0 0 0 0 0 0 0 0 0 0 0 0 0 0 0 0 0 0 0 0 25 0 0 0 0 0 0 0 0 0 0 0 0 0 0 0 0 0 0 0 0 0 0 0 0 0 0 0 0 0 0 0 0 2 0 0 193 84 5 0 1 0 0 0 0 0 0 0 0 0 0 0 2 0 0 0 0 0 0 0 0 0 0 0 72 0 0 0 255 255 255 255 2 0 1 0 0 0 0 0 data 9 0x10002 0xaa98 0x40007 0x8abe 0x38 0x1fda 0xb0003 0x1fda 0x18 oops 0
ciMethodData sun/misc/ASCIICaseInsensitiveComparator compare (Ljava/lang/Object;Ljava/lang/Object;)I 2 12941 orig 264 152 130 235 115 0 0 0 0 192 33 100 20 0 0 0 0 232 1 0 0 0 0 0 0 0 0 0 0 0 0 0 0 0 0 0 0 0 0 0 0 0 0 0 0 0 0 0 0 0 0 0 0 0 0 0 0 0 0 0 0 0 0 0 0 0 0 0 0 0 0 0 0 0 0 0 0 0 0 0 0 77 68 79 32 101 120 116 114 97 32 100 97 116 97 32 108 111 99 107 0 0 0 0 0 0 0 0 0 0 0 0 0 0 0 0 0 0 0 0 0 0 0 0 0 0 0 0 0 0 0 0 0 0 0 0 0 0 0 0 0 0 0 0 0 0 0 0 0 0 0 0 0 0 0 0 0 0 0 0 0 0 0 0 0 0 0 0 0 0 0 0 0 0 0 0 0 0 0 0 0 0 0 0 0 0 0 0 0 0 0 0 0 0 0 0 0 0 0 0 0 0 0 0 0 0 0 0 0 0 0 0 0 0 0 0 0 0 2 0 0 105 132 1 0 1 0 0 0 0 0 0 0 0 0 0 0 2 0 0 0 0 0 0 0 0 0 0 0 144 0 0 0 255 255 255 255 4 0 2 0 0 0 0 0 data 18 0x20004 0x0 0x28b9100 0x308d 0x0 0x0 0x60004 0x0 0x28b9100 0x308d 0x0 0x0 0x90005 0x0 0x173ac2b0 0x308d 0x0 0x0 oops 3